-- Logs begin at Wed 2019-06-19 10:05:22 PDT, end at Fri 2019-06-21 10:17:28 PDT. --
Jun 19 10:05:33 linux-89xv kernel: ACPI Error: Needed [Buffer/String/Package], found [Integer] ffff880fa990bd80 (20170303/exresop-593)
Jun 19 10:05:33 linux-89xv kernel: ACPI Exception: AE_AML_OPERAND_TYPE, While resolving operands for [Index] (20170303/dswexec-461)
Jun 19 10:05:33 linux-89xv kernel: ACPI Error: Method parse/execution failed [\_SB.WMIV.WVPO] (Node ffff880187d8f910), AE_AML_OPERAND_TYPE (2017030>
Jun 19 10:05:33 linux-89xv kernel: ACPI Error: Method parse/execution failed [\_SB.WMIV.WMPV] (Node ffff880187d8f690), AE_AML_OPERAND_TYPE (2017030>
Jun 19 10:05:33 linux-89xv kernel: ACPI Error: Needed [Buffer/String/Package], found [Integer] ffff880feab871f8 (20170303/exresop-593)
Jun 19 10:05:33 linux-89xv kernel: ACPI Exception: AE_AML_OPERAND_TYPE, While resolving operands for [Index] (20170303/dswexec-461)
Jun 19 10:05:33 linux-89xv kernel: ACPI Error: Method parse/execution failed [\_SB.WMIV.WVPO] (Node ffff880187d8f910), AE_AML_OPERAND_TYPE (2017030>
Jun 19 10:05:33 linux-89xv kernel: ACPI Error: Method parse/execution failed [\_SB.WMIV.WMPV] (Node ffff880187d8f690), AE_AML_OPERAND_TYPE (2017030>
Jun 19 10:05:33 linux-89xv kernel: ACPI Error: Needed [Buffer/String/Package], found [Integer] ffff880fa990bab0 (20170303/exresop-593)
Jun 19 10:05:33 linux-89xv kernel: ACPI Exception: AE_AML_OPERAND_TYPE, While resolving operands for [Index] (20170303/dswexec-461)
Jun 19 10:05:33 linux-89xv kernel: ACPI Error: Method parse/execution failed [\_SB.WMIV.WVPO] (Node ffff880187d8f910), AE_AML_OPERAND_TYPE (2017030>
Jun 19 10:05:33 linux-89xv kernel: ACPI Error: Method parse/execution failed [\_SB.WMIV.WMPV] (Node ffff880187d8f690), AE_AML_OPERAND_TYPE (2017030>
Jun 19 10:05:33 linux-89xv kernel: ACPI Error: Attempt to CreateField of length zero (20170303/dsopcode-168)
Jun 19 10:05:33 linux-89xv kernel: ACPI Error: Method parse/execution failed [\_SB.WMIV.WVPI] (Node ffff880187d8f4b0), AE_AML_OPERAND_VALUE (201703>
Jun 19 10:05:33 linux-89xv kernel: ACPI Error: Method parse/execution failed [\_SB.WMIV.WMPV] (Node ffff880187d8f690), AE_AML_OPERAND_VALUE (201703>
Jun 19 10:05:55 linux-89xv postfix[1868]: fatal: parameter inet_interfaces: no local interface found for ::1
Jun 19 10:05:58 linux-89xv systemd[1]: Failed to start Postfix Mail Transport Agent.
Jun 19 10:06:17 linux-89xv kernel: usb 3-10: cannot submit urb 0, error -2: endpoint not enabled
Jun 19 10:06:17 linux-89xv kernel: usb 3-10: cannot submit urb 0, error -2: endpoint not enabled
Jun 19 10:06:17 linux-89xv kernel: usb 3-10: cannot submit urb 0, error -2: endpoint not enabled
Jun 19 10:06:17 linux-89xv kernel: usb 3-10: cannot submit urb 0, error -2: endpoint not enabled
Jun 19 10:06:17 linux-89xv kernel: usb 3-10: cannot submit urb 0, error -2: endpoint not enabled
Jun 19 10:06:42 linux-89xv pulseaudio[2079]: [pulseaudio] bluez5-util.c: GetManagedObjects() failed: org.freedesktop.DBus.Error.NoReply: Did not re>
Jun 19 10:29:11 linux-89xv pulseaudio[5361]: [pulseaudio] bluez5-util.c: GetManagedObjects() failed: org.freedesktop.DBus.Error.NoReply: Did not re>
Jun 21 10:17:18 linux-89xv su[11827]: The gnome keyring socket is not owned with the same credentials as the user login: /run/user/1000/keyring/con>
Jun 21 10:17:18 linux-89xv su[11827]: gkr-pam: couldn't unlock the login keyring.
Jun 21 10:17:28 linux-89xv su[11832]: The gnome keyring socket is not owned with the same credentials as the user login: /run/user/1000/keyring/con>
Jun 21 10:17:28 linux-89xv su[11832]: gkr-pam: couldn't unlock the login keyring.